This is ApacheBench, Version 2.3 <$Revision: 1604373 $>
Copyright 1996 Adam Twiss, Zeus Technology Ltd, http://www.zeustech.net/
Licensed to The Apache Software Foundation, http://www.apache.org/

Benchmarking blog.csdn.net (be patient)


Server Software:        nginx
Server Hostname:        blog.csdn.net
Server Port:            80

Document Path:          /starparker/article/details/45556135
Document Length:        162 bytes

Concurrency Level:      100
Time taken for tests:   36.958 seconds
Complete requests:      50000
Failed requests:        0
Non-2xx responses:      50000
Keep-Alive requests:    50000
Total transferred:      17450000 bytes
HTML transferred:       8100000 bytes
Requests per second:    1352.90 [#/sec] (mean)
Time per request:       73.915 [ms] (mean)
Time per request:       0.739 [ms] (mean, across all concurrent requests)
Transfer rate:          461.10 [Kbytes/sec] received

Connection Times (ms)
              min  mean[+/-sd] median   max
Connect:        0    1  28.6      0    1065
Processing:    32   70 195.5     41    6827
Waiting:       32   70 195.5     41    6827
Total:         32   71 197.8     41    6827

Percentage of the requests served within a certain time (ms)
  50%     41
  66%     42
  75%     44
  80%     45
  90%     49
  95%    279
  98%    293
  99%    758
 100%   6827 (longest request)
\n\n
This is ApacheBench, Version 2.3 <$Revision: 1604373 $>
Copyright 1996 Adam Twiss, Zeus Technology Ltd, http://www.zeustech.net/
Licensed to The Apache Software Foundation, http://www.apache.org/

Benchmarking blog.csdn.net (be patient)


Server Software:        nginx
Server Hostname:        blog.csdn.net
Server Port:            80

Document Path:          /starparker/article/details/45556135
Document Length:        162 bytes

Concurrency Level:      100
Time taken for tests:   33.533 seconds
Complete requests:      49972
Failed requests:        0
Non-2xx responses:      49972
Keep-Alive requests:    49972
Total transferred:      17440228 bytes
HTML transferred:       8095464 bytes
Requests per second:    1490.25 [#/sec] (mean)
Time per request:       67.103 [ms] (mean)
Time per request:       0.671 [ms] (mean, across all concurrent requests)
Transfer rate:          507.91 [Kbytes/sec] received

Connection Times (ms)
              min  mean[+/-sd] median   max
Connect:        0    0  16.4      0    1050
Processing:    32   66 114.9     41    3926
Waiting:       32   66 114.9     41    3926
Total:         32   67 116.0     41    3926

Percentage of the requests served within a certain time (ms)
  50%     41
  66%     43
  75%     44
  80%     46
  90%     52
  95%    281
  98%    298
  99%    754
 100%   3926 (longest request)
\n\n
